#
# A fatal error has been detected by the Java Runtime Environment:
#
#  SIGSEGV (0xb) at pc=0x00007fff93f200dd, pid=8174, tid=1811
#
# JRE version: Java(TM) SE Runtime Environment (8.0_25-b17) (build 1.8.0_25-b17)
# Java VM: Java HotSpot(TM) 64-Bit Server VM (25.25-b02 mixed mode bsd-amd64 compressed oops)
# Problematic frame:
# C  [libobjc.A.dylib+0x10dd]  objc_msgSend+0x1d
#
# Failed to write core dump. Core dumps have been disabled. To enable core dumping, try "ulimit -c unlimited" before starting Java again
#
# If you would like to submit a bug report, please visit:
#   http://bugreport.sun.com/bugreport/crash.jsp
# The crash happened outside the Java Virtual Machine in native code.
# See problematic frame for where to report the bug.
#

---------------  T H R E A D  ---------------

Current thread (0x00007fa7c98ee000):  JavaThread "AppKit Thread" daemon [_thread_in_native, id=1811, stack(0x00007fff50ffd000,0x00007fff517fd000)]

siginfo: si_signo: 11 (SIGSEGV), si_code: 1 (SEGV_MAPERR), si_addr: 0x0000000000000018

Registers:
RAX=0x00007fa7c8ce49f0, RBX=0x00007fff517f7e38, RCX=0x0000000000000000, RDX=0x00007fa7c8ce3db0
RSP=0x00007fff517f7c58, RBP=0x00007fff517f7c60, RSI=0x00007fff8bfb6c54, RDI=0x00007fa7c8ce49f0
R8 =0x00007fff517f7c40, R9 =0x0000000000000055, R10=0x00007fff8bfb6c54, R11=0x0000000000000000
R12=0x00007fa7c8d27610, R13=0x00000000000f42e9, R14=0x00007fa7cb026b90, R15=0x00007fff517f7d98
RIP=0x00007fff93f200dd, EFLAGS=0x0000000000010246, ERR=0x0000000000000004
  TRAPNO=0x000000000000000e

Top of Stack: (sp=0x00007fff517f7c58)
0x00007fff517f7c58:   00007fff8f40acbc 00007fff517f7fc0
0x00007fff517f7c68:   00007fff8f2fc1b4 00007fff517f7cec
0x00007fff517f7c78:   00007fff517f7cf0 00007fff517f7cf4
0x00007fff517f7c88:   00007fff78d54b48 ffffffffffffffff
0x00007fff517f7c98:   00000000000007f8 00007fff78d54b60
0x00007fff517f7ca8:   00007fa7cb026b90 0000000000000000
0x00007fff517f7cb8:   00007fff517f7d90 0000000000000000
0x00007fff517f7cc8:   00007fa7c8df23d0 00007fff517f7e10
0x00007fff517f7cd8:   0000000000000055 00000000000f42eb
0x00007fff517f7ce8:   00007fa7c8ce3db0 00007fa7c8df1e30
0x00007fff517f7cf8:   00007fa7c8d27610 0000000000000001
0x00007fff517f7d08:   00000000000f42e9 00007fa7c8d27600
0x00007fff517f7d18:   00007fff93ba9109 00000001cb0305e0
0x00007fff517f7d28:   00007fff774d40d0 0000000042000000
0x00007fff517f7d38:   00007fff93bb16a3 00007fff78d1f1d0
0x00007fff517f7d48:   00007fff517f7e18 0000000000000000
0x00007fff517f7d58:   00007fff78d7c8c8 00007fff78d7c8c8
0x00007fff517f7d68:   0000000000000013 0004a80300000001
0x00007fff517f7d78:   00007fa7c8d27634 0000000000000000
0x00007fff517f7d88:   00000000003d7301 00007fa7c8df2450
0x00007fff517f7d98:   00007fa7cb026b90 00007fff78d7c8c8
0x00007fff517f7da8:   00007fff8bfee937 00007fff517f7e50
0x00007fff517f7db8:   00007fff8db955a7 00007fff517f7e34
0x00007fff517f7dc8:   00000000003d7401 00000000ffffffff
0x00007fff517f7dd8:   00007fff78d7c8c8 00000000003d7400
0x00007fff517f7de8:   00007fff00000000 00007fff517f7ee0
0x00007fff517f7df8:   00007fff8d65fedc 00007fff78d7c8e8
0x00007fff517f7e08:   00007fff8bfee937 0000000000000051
0x00007fff517f7e18:   0000000000000000 00000000000f42e0
0x00007fff517f7e28:   0000000000000053 0000000000000000
0x00007fff517f7e38:   00000000000f42e9 00007fff517f7eb4
0x00007fff517f7e48:   00000000003d7f01 00000000ffffffff 

Instructions: (pc=0x00007fff93f200dd)
0x00007fff93f200bd:   00 00 00 48 85 ff 2e 74 7a 40 f6 c7 01 2e 75 7e
0x00007fff93f200cd:   49 bb f8 ff ff ff ff 7f 00 00 4c 23 1f 49 89 f2
0x00007fff93f200dd:   45 23 53 18 49 c1 e2 04 4d 03 53 10 49 3b 32 75
0x00007fff93f200ed:   04 41 ff 62 08 49 83 3a 00 74 6a 4d 3b 53 10 74 

Register to memory mapping:

RAX=0x00007fa7c8ce49f0 is an unknown value
RBX=0x00007fff517f7e38 is pointing into the stack for thread: 0x00007fa7c98ee000
RCX=0x0000000000000000 is an unknown value
RDX=0x00007fa7c8ce3db0 is an unknown value
RSP=0x00007fff517f7c58 is pointing into the stack for thread: 0x00007fa7c98ee000
RBP=0x00007fff517f7c60 is pointing into the stack for thread: 0x00007fa7c98ee000
RSI=0x00007fff8bfb6c54: -[NSTitlebarContainerView shouldRoundCorners]+0x5c646 in /System/Library/Frameworks/AppKit.framework/Versions/C/AppKit at 0x00007fff8b5ed000
RDI=0x00007fa7c8ce49f0 is an unknown value
R8 =0x00007fff517f7c40 is pointing into the stack for thread: 0x00007fa7c98ee000
R9 =0x0000000000000055 is an unknown value
R10=0x00007fff8bfb6c54: -[NSTitlebarContainerView shouldRoundCorners]+0x5c646 in /System/Library/Frameworks/AppKit.framework/Versions/C/AppKit at 0x00007fff8b5ed000
R11=0x0000000000000000 is an unknown value
R12=0x00007fa7c8d27610 is an unknown value
R13=0x00000000000f42e9 is an unknown value
R14=0x00007fa7cb026b90 is an unknown value
R15=0x00007fff517f7d98 is pointing into the stack for thread: 0x00007fa7c98ee000


Stack: [0x00007fff50ffd000,0x00007fff517fd000],  sp=0x00007fff517f7c58,  free space=8171k
Native frames: (J=compiled Java code, j=interpreted, Vv=VM code, C=native code)
C  [libobjc.A.dylib+0x10dd]  objc_msgSend+0x1d
C  [CoreFoundation+0x101b4]  _CFXNotificationPost+0xc44
C  [Foundation+0x2ea1]  -[NSNotificationCenter postNotificationName:object:userInfo:]+0x42
C  [AppKit+0xddc86]  -[NSSurface _disposeSurface]+0x98
C  [AppKit+0xdd6ea]  -[NSSurface setWindow:]+0x42
C  [AppKit+0x3c15c]  -[NSView _setWindow:]+0x98f
C  [AppKit+0x3d3b2]  -[NSView removeFromSuperview]+0x1c5
C  [AppKit+0x91a1a]  -[NSView removeFromSuperviewWithoutNeedingDisplay]+0x26
C  [liblwjgl.dylib+0x9c3e]  +[MacOSXKeyableWindow destroyWindow]+0xde
C  [Foundation+0x65f4c]  __NSThreadPerformPerform+0x125
C  [CoreFoundation+0x80661]  __CFRUNLOOP_IS_CALLING_OUT_TO_A_SOURCE0_PERFORM_FUNCTION__+0x11
C  [CoreFoundation+0x727ed]  __CFRunLoopDoSources0+0x10d
C  [CoreFoundation+0x71e1f]  __CFRunLoopRun+0x39f
C  [CoreFoundation+0x71838]  CFRunLoopRunSpecific+0x128
C  [HIToolbox+0x2e43f]  RunCurrentEventLoopInMode+0xeb
C  [HIToolbox+0x2e1ba]  ReceiveNextEventCommon+0x1af
C  [HIToolbox+0x2dffb]  _BlockUntilNextEventMatchingListInModeWithFilter+0x47
C  [AppKit+0x24821]  _DPSNextEvent+0x3c4
C  [AppKit+0x23fd0]  -[NSApplication nextEventMatchingMask:untilDate:inMode:dequeue:]+0xc2
C  [libosxapp.dylib+0x242a]  -[NSApplicationAWT nextEventMatchingMask:untilDate:inMode:dequeue:]+0x7c
C  [AppKit+0x17f73]  -[NSApplication run]+0x252
C  [libosxapp.dylib+0x223e]  +[NSApplicationAWT runAWTLoopWithApp:]+0x9c
C  [libawt_lwawt.dylib+0x4494f]  -[AWTStarter starter:]+0x389
C  [Foundation+0x65f4c]  __NSThreadPerformPerform+0x125
C  [CoreFoundation+0x80661]  __CFRUNLOOP_IS_CALLING_OUT_TO_A_SOURCE0_PERFORM_FUNCTION__+0x11
C  [CoreFoundation+0x727ed]  __CFRunLoopDoSources0+0x10d
C  [CoreFoundation+0x71e1f]  __CFRunLoopRun+0x39f
C  [CoreFoundation+0x71838]  CFRunLoopRunSpecific+0x128
C  [java+0x56cc]  CreateExecutionEnvironment+0x367
C  [java+0x165c]  JLI_Launch+0x7a0
C  [java+0x768a]  main+0x65
C  [java+0xeb4]  start+0x34
C  0x0000000000000005


---------------  P R O C E S S  ---------------

Java Threads: ( => current thread )
  0x00007fa7c91f8800 JavaThread "DestroyJavaVM" [_thread_blocked, id=3331, stack(0x000000010f41e000,0x000000010f51e000)]
  0x00007fa7c9a12800 JavaThread "LWJGL Application" [_thread_in_native, id=60687, stack(0x0000000129000000,0x0000000129100000)]
  0x00007fa7c9921000 JavaThread "AWT-Shutdown" [_thread_blocked, id=27155, stack(0x000000012620a000,0x000000012630a000)]
=>0x00007fa7c98ee000 JavaThread "AppKit Thread" daemon [_thread_in_native, id=1811, stack(0x00007fff50ffd000,0x00007fff517fd000)]
  0x00007fa7c9866800 JavaThread "Service Thread" daemon [_thread_blocked, id=16387, stack(0x000000012471c000,0x000000012481c000)]
  0x00007fa7c9852000 JavaThread "C1 CompilerThread1" daemon [_thread_blocked, id=15875, stack(0x0000000124619000,0x0000000124719000)]
  0x00007fa7c904c800 JavaThread "C2 CompilerThread0" daemon [_thread_blocked, id=15363, stack(0x0000000124516000,0x0000000124616000)]
  0x00007fa7c9046000 JavaThread "Signal Dispatcher" daemon [_thread_blocked, id=11787, stack(0x0000000124413000,0x0000000124513000)]
  0x00007fa7c9039800 JavaThread "Finalizer" daemon [_thread_blocked, id=10499, stack(0x0000000122b67000,0x0000000122c67000)]
  0x00007fa7c9038800 JavaThread "Reference Handler" daemon [_thread_blocked, id=9987, stack(0x0000000122a64000,0x0000000122b64000)]

Other Threads:
  0x00007fa7c983b000 VMThread [stack: 0x0000000122961000,0x0000000122a61000] [id=9475]
  0x00007fa7c9077800 WatcherThread [stack: 0x000000012481f000,0x000000012491f000] [id=16899]

VM state:not at safepoint (normal execution)

VM Mutex/Monitor currently owned by a thread: None

Heap:
 PSYoungGen      total 18944K, used 14073K [0x00000007aab00000, 0x00000007ac000000, 0x00000007c0000000)
  eden space 16384K, 85% used [0x00000007aab00000,0x00000007ab8be610,0x00000007abb00000)
  from space 2560K, 0% used [0x00000007abd80000,0x00000007abd80000,0x00000007ac000000)
  to   space 2560K, 0% used [0x00000007abb00000,0x00000007abb00000,0x00000007abd80000)
 ParOldGen       total 44032K, used 0K [0x0000000780000000, 0x0000000782b00000, 0x00000007aab00000)
  object space 44032K, 0% used [0x0000000780000000,0x0000000780000000,0x0000000782b00000)
 Metaspace       used 7670K, capacity 7797K, committed 8064K, reserved 1056768K
  class space    used 739K, capacity 789K, committed 896K, reserved 1048576K

Card table byte_map: [0x000000011edc0000,0x000000011efc1000] byte_map_base: 0x000000011b1c0000

Marking Bits: (ParMarkBitMap*) 0x000000010ed9e390
 Begin Bits: [0x000000011f31d000, 0x000000012031d000)
 End Bits:   [0x000000012031d000, 0x000000012131d000)

Polling page: 0x000000010f562000

CodeCache: size=245760Kb used=3200Kb max_used=3210Kb free=242559Kb
 bounds [0x000000010fa00000, 0x000000010fd30000, 0x000000011ea00000]
 total_blobs=1260 nmethods=824 adapters=352
 compilation: enabled

Compilation events (10 events):
Event: 22.756 Thread 0x00007fa7c9852000  820       1       org.lwjgl.opengl.Display::wasResized (4 bytes)
Event: 22.756 Thread 0x00007fa7c9852000 nmethod 820 0x000000010fd1c290 code [0x000000010fd1c3e0, 0x000000010fd1c4d0]
Event: 22.856 Thread 0x00007fa7c904c800  821       4       java.io.UnixFileSystem::normalize (75 bytes)
Event: 22.861 Thread 0x00007fa7c9852000  822       3       java.util.jar.Attributes$Name::hashCode (24 bytes)
Event: 22.861 Thread 0x00007fa7c9852000 nmethod 822 0x000000010fd1be90 code [0x000000010fd1c000, 0x000000010fd1c1e8]
Event: 22.861 Thread 0x00007fa7c9852000  823       3       java.net.URL::toString (5 bytes)
Event: 22.861 Thread 0x00007fa7c9852000 nmethod 823 0x000000010fd1fe10 code [0x000000010fd1ff80, 0x000000010fd20268]
Event: 22.863 Thread 0x00007fa7c904c800 nmethod 821 0x000000010fd1f890 code [0x000000010fd1fa00, 0x000000010fd1fc58]
Event: 22.881 Thread 0x00007fa7c9852000  824       3       java.util.Vector::elementData (7 bytes)
Event: 22.881 Thread 0x00007fa7c9852000 nmethod 824 0x000000010fd1f490 code [0x000000010fd1f600, 0x000000010fd1f790]

GC Heap History (0 events):
No events

Deoptimization events (0 events):
No events

Internal exceptions (10 events):
Event: 1.406 Thread 0x00007fa7c9a12800 Exception <a 'java/security/PrivilegedActionException'> (0x00000007ab7fe048) thrown at [/HUDSON3/workspace/8-2-build-macosx-x86_64/jdk8u25/1514/hotspot/src/share/vm/prims/jvm.cpp, line 1312]
Event: 1.437 Thread 0x00007fa7c9a12800 Exception <a 'java/security/PrivilegedActionException'> (0x00000007ab802338) thrown at [/HUDSON3/workspace/8-2-build-macosx-x86_64/jdk8u25/1514/hotspot/src/share/vm/prims/jvm.cpp, line 1312]
Event: 1.438 Thread 0x00007fa7c9a12800 Exception <a 'java/security/PrivilegedActionException'> (0x00000007ab807cb8) thrown at [/HUDSON3/workspace/8-2-build-macosx-x86_64/jdk8u25/1514/hotspot/src/share/vm/prims/jvm.cpp, line 1312]
Event: 2.165 Thread 0x00007fa7c9a12800 Exception <a 'java/security/PrivilegedActionException'> (0x00000007ab81dba8) thrown at [/HUDSON3/workspace/8-2-build-macosx-x86_64/jdk8u25/1514/hotspot/src/share/vm/prims/jvm.cpp, line 1312]
Event: 2.166 Thread 0x00007fa7c9a12800 Exception <a 'java/security/PrivilegedActionException'> (0x00000007ab822c18) thrown at [/HUDSON3/workspace/8-2-build-macosx-x86_64/jdk8u25/1514/hotspot/src/share/vm/prims/jvm.cpp, line 1312]
Event: 4.273 Thread 0x00007fa7c9a12800 Exception <a 'java/security/PrivilegedActionException'> (0x00000007ab832310) thrown at [/HUDSON3/workspace/8-2-build-macosx-x86_64/jdk8u25/1514/hotspot/src/share/vm/prims/jvm.cpp, line 1312]
Event: 22.856 Thread 0x00007fa7c9a12800 Exception <a 'java/security/PrivilegedActionException'> (0x00000007ab890900) thrown at [/HUDSON3/workspace/8-2-build-macosx-x86_64/jdk8u25/1514/hotspot/src/share/vm/prims/jvm.cpp, line 1312]
Event: 22.857 Thread 0x00007fa7c9a12800 Exception <a 'java/security/PrivilegedActionException'> (0x00000007ab895860) thrown at [/HUDSON3/workspace/8-2-build-macosx-x86_64/jdk8u25/1514/hotspot/src/share/vm/prims/jvm.cpp, line 1312]
Event: 22.858 Thread 0x00007fa7c9a12800 Exception <a 'java/security/PrivilegedActionException'> (0x00000007ab89a940) thrown at [/HUDSON3/workspace/8-2-build-macosx-x86_64/jdk8u25/1514/hotspot/src/share/vm/prims/jvm.cpp, line 1312]
Event: 22.879 Thread 0x00007fa7c9a12800 Exception <a 'java/security/PrivilegedActionException'> (0x00000007ab8a03d8) thrown at [/HUDSON3/workspace/8-2-build-macosx-x86_64/jdk8u25/1514/hotspot/src/share/vm/prims/jvm.cpp, line 1312]

Events (10 events):
Event: 22.856 loading class com/badlogic/gdx/backends/lwjgl/LwjglApplication$2
Event: 22.856 loading class com/badlogic/gdx/backends/lwjgl/LwjglApplication$2 done
Event: 22.857 loading class com/badlogic/gdx/utils/Array$ArrayIterable
Event: 22.857 loading class com/badlogic/gdx/utils/Array$ArrayIterable done
Event: 22.858 loading class com/badlogic/gdx/utils/Array$ArrayIterator
Event: 22.858 loading class com/badlogic/gdx/utils/Array$ArrayIterator done
Event: 22.858 loading class java/util/NoSuchElementException
Event: 22.859 loading class java/util/NoSuchElementException done
Event: 22.879 loading class org/lwjgl/opengl/CallbackUtil
Event: 22.879 loading class org/lwjgl/opengl/CallbackUtil done


Dynamic libraries:
0x0000000006e41000 	/System/Library/Frameworks/Cocoa.framework/Versions/A/Cocoa
0x0000000006e41000 	/System/Library/Frameworks/Security.framework/Versions/A/Security
0x0000000006e41000 	/System/Library/Frameworks/ApplicationServices.framework/Versions/A/ApplicationServices
0x0000000006e41000 	/usr/lib/libz.1.dylib
0x0000000006e41000 	/usr/lib/libSystem.B.dylib
0x0000000006e41000 	/usr/lib/libobjc.A.dylib
0x0000000006e41000 	/System/Library/Frameworks/CoreFoundation.framework/Versions/A/CoreFoundation
0x0000000006e41000 	/System/Library/Frameworks/Foundation.framework/Versions/C/Foundation
0x0000000006e41000 	/System/Library/Frameworks/AppKit.framework/Versions/C/AppKit
0x0000000006e41000 	/System/Library/Frameworks/CoreData.framework/Versions/A/CoreData
0x0000000006e41000 	/System/Library/PrivateFrameworks/RemoteViewServices.framework/Versions/A/RemoteViewServices
0x0000000006e41000 	/System/Library/PrivateFrameworks/UIFoundation.framework/Versions/A/UIFoundation
0x0000000006e41000 	/System/Library/Frameworks/IOSurface.framework/Versions/A/IOSurface
0x0000000006e41000 	/System/Library/Frameworks/AudioToolbox.framework/Versions/A/AudioToolbox
0x0000000006e41000 	/System/Library/Frameworks/AudioUnit.framework/Versions/A/AudioUnit
0x0000000006e41000 	/System/Library/PrivateFrameworks/DataDetectorsCore.framework/Versions/A/DataDetectorsCore
0x0000000006e41000 	/System/Library/PrivateFrameworks/DesktopServicesPriv.framework/Versions/A/DesktopServicesPriv
0x0000000006e41000 	/System/Library/Frameworks/Carbon.framework/Versions/A/Frameworks/HIToolbox.framework/Versions/A/HIToolbox
0x0000000006e41000 	/System/Library/Frameworks/QuartzCore.framework/Versions/A/QuartzCore
0x0000000006e41000 	/System/Library/Frameworks/Carbon.framework/Versions/A/Frameworks/SpeechRecognition.framework/Versions/A/SpeechRecognition
0x0000000006e41000 	/usr/lib/libauto.dylib
0x0000000006e41000 	/usr/lib/libicucore.A.dylib
0x0000000006e41000 	/usr/lib/libxml2.2.dylib
0x0000000006e41000 	/System/Library/PrivateFrameworks/CoreUI.framework/Versions/A/CoreUI
0x0000000006e41000 	/System/Library/Frameworks/CoreAudio.framework/Versions/A/CoreAudio
0x0000000006e41000 	/System/Library/Frameworks/DiskArbitration.framework/Versions/A/DiskArbitration
0x0000000006e41000 	/usr/lib/liblangid.dylib
0x0000000006e41000 	/System/Library/PrivateFrameworks/MultitouchSupport.framework/Versions/A/MultitouchSupport
0x0000000006e41000 	/System/Library/Frameworks/IOKit.framework/Versions/A/IOKit
0x0000000006e41000 	/usr/lib/libDiagnosticMessagesClient.dylib
0x0000000006e41000 	/System/Library/Frameworks/CoreServices.framework/Versions/A/CoreServices
0x0000000006e41000 	/System/Library/PrivateFrameworks/PerformanceAnalysis.framework/Versions/A/PerformanceAnalysis
0x0000000006e41000 	/System/Library/PrivateFrameworks/GenerationalStorage.framework/Versions/A/GenerationalStorage
0x0000000006e41000 	/System/Library/Frameworks/OpenGL.framework/Versions/A/OpenGL
0x0000000006e41000 	/System/Library/PrivateFrameworks/Sharing.framework/Versions/A/Sharing
0x0000000006e41000 	/System/Library/Frameworks/CoreGraphics.framework/Versions/A/CoreGraphics
0x0000000006e41000 	/System/Library/Frameworks/CoreText.framework/Versions/A/CoreText
0x0000000006e41000 	/System/Library/Frameworks/ImageIO.framework/Versions/A/ImageIO
0x0000000006e41000 	/usr/lib/libextension.dylib
0x0000000006e41000 	/System/Library/PrivateFrameworks/Backup.framework/Versions/A/Backup
0x0000000006e41000 	/usr/lib/libarchive.2.dylib
0x0000000006e41000 	/System/Library/Frameworks/CFNetwork.framework/Versions/A/CFNetwork
0x0000000006e41000 	/System/Library/Frameworks/SystemConfiguration.framework/Versions/A/SystemConfiguration
0x0000000006e41000 	/usr/lib/libCRFSuite.dylib
0x0000000006e41000 	/usr/lib/libc++.1.dylib
0x0000000006e41000 	/usr/lib/libc++abi.dylib
0x0000000006e41000 	/usr/lib/system/libcache.dylib
0x0000000006e41000 	/usr/lib/system/libcommonCrypto.dylib
0x0000000006e41000 	/usr/lib/system/libcompiler_rt.dylib
0x0000000006e41000 	/usr/lib/system/libcopyfile.dylib
0x0000000006e41000 	/usr/lib/system/libcorecrypto.dylib
0x0000000006e41000 	/usr/lib/system/libdispatch.dylib
0x0000000006e41000 	/usr/lib/system/libdyld.dylib
0x0000000006e41000 	/usr/lib/system/libkeymgr.dylib
0x0000000006e41000 	/usr/lib/system/liblaunch.dylib
0x0000000006e41000 	/usr/lib/system/libmacho.dylib
0x0000000006e41000 	/usr/lib/system/libquarantine.dylib
0x0000000006e41000 	/usr/lib/system/libremovefile.dylib
0x0000000006e41000 	/usr/lib/system/libsystem_asl.dylib
0x0000000006e41000 	/usr/lib/system/libsystem_blocks.dylib
0x0000000006e41000 	/usr/lib/system/libsystem_c.dylib
0x0000000006e41000 	/usr/lib/system/libsystem_configuration.dylib
0x0000000006e41000 	/usr/lib/system/libsystem_coreservices.dylib
0x0000000006e41000 	/usr/lib/system/libsystem_coretls.dylib
0x0000000006e41000 	/usr/lib/system/libsystem_dnssd.dylib
0x0000000006e41000 	/usr/lib/system/libsystem_info.dylib
0x0000000006e41000 	/usr/lib/system/libsystem_kernel.dylib
0x0000000006e41000 	/usr/lib/system/libsystem_m.dylib
0x0000000006e41000 	/usr/lib/system/libsystem_malloc.dylib
0x0000000006e41000 	/usr/lib/system/libsystem_network.dylib
0x0000000006e41000 	/usr/lib/system/libsystem_networkextension.dylib
0x0000000006e41000 	/usr/lib/system/libsystem_notify.dylib
0x0000000006e41000 	/usr/lib/system/libsystem_platform.dylib
0x0000000006e41000 	/usr/lib/system/libsystem_pthread.dylib
0x0000000006e41000 	/usr/lib/system/libsystem_sandbox.dylib
0x0000000006e41000 	/usr/lib/system/libsystem_secinit.dylib
0x0000000006e41000 	/usr/lib/system/libsystem_stats.dylib
0x0000000006e41000 	/usr/lib/system/libsystem_trace.dylib
0x0000000006e41000 	/usr/lib/system/libunc.dylib
0x0000000006e41000 	/usr/lib/system/libunwind.dylib
0x0000000006e41000 	/usr/lib/system/libxpc.dylib
0x0000000006e41000 	/usr/lib/libbz2.1.0.dylib
0x0000000006e41000 	/usr/lib/liblzma.5.dylib
0x0000000006e41000 	/usr/lib/libbsm.0.dylib
0x0000000006e41000 	/usr/lib/libsqlite3.dylib
0x0000000006e41000 	/usr/lib/system/libkxld.dylib
0x0000000006e41000 	/usr/lib/libxar.1.dylib
0x0000000006e41000 	/usr/lib/libpam.2.dylib
0x0000000006e41000 	/usr/lib/libOpenScriptingUtil.dylib
0x0000000006e41000 	/System/Library/Frameworks/CoreServices.framework/Versions/A/Frameworks/FSEvents.framework/Versions/A/FSEvents
0x0000000006e41000 	/System/Library/Frameworks/CoreServices.framework/Versions/A/Frameworks/CarbonCore.framework/Versions/A/CarbonCore
0x0000000006e41000 	/System/Library/Frameworks/CoreServices.framework/Versions/A/Frameworks/Metadata.framework/Versions/A/Metadata
0x0000000006e41000 	/System/Library/Frameworks/CoreServices.framework/Versions/A/Frameworks/OSServices.framework/Versions/A/OSServices
0x0000000006e41000 	/System/Library/Frameworks/CoreServices.framework/Versions/A/Frameworks/SearchKit.framework/Versions/A/SearchKit
0x0000000006e41000 	/System/Library/Frameworks/CoreServices.framework/Versions/A/Frameworks/AE.framework/Versions/A/AE
0x0000000006e41000 	/System/Library/Frameworks/CoreServices.framework/Versions/A/Frameworks/LaunchServices.framework/Versions/A/LaunchServices
0x0000000006e41000 	/System/Library/Frameworks/CoreServices.framework/Versions/A/Frameworks/DictionaryServices.framework/Versions/A/DictionaryServices
0x0000000006e41000 	/System/Library/Frameworks/NetFS.framework/Versions/A/NetFS
0x0000000006e41000 	/System/Library/PrivateFrameworks/NetAuth.framework/Versions/A/NetAuth
0x0000000006e41000 	/System/Library/PrivateFrameworks/login.framework/Versions/A/Frameworks/loginsupport.framework/Versions/A/loginsupport
0x0000000006e41000 	/System/Library/PrivateFrameworks/TCC.framework/Versions/A/TCC
0x0000000006e41000 	/usr/lib/libmecabra.dylib
0x0000000006e41000 	/System/Library/PrivateFrameworks/LanguageModeling.framework/Versions/A/LanguageModeling
0x0000000006e41000 	/usr/lib/libcmph.dylib
0x0000000006e41000 	/usr/lib/libiconv.2.dylib
0x0000000006e41000 	/System/Library/Frameworks/OpenDirectory.framework/Versions/A/Frameworks/CFOpenDirectory.framework/Versions/A/CFOpenDirectory
0x0000000006e41000 	/System/Library/Frameworks/ServiceManagement.framework/Versions/A/ServiceManagement
0x0000000006e41000 	/usr/lib/libxslt.1.dylib
0x0000000006e41000 	/System/Library/Frameworks/Carbon.framework/Versions/A/Frameworks/Ink.framework/Versions/A/Ink
0x0000000006e41000 	/System/Library/Frameworks/ApplicationServices.framework/Versions/A/Frameworks/ATS.framework/Versions/A/ATS
0x0000000006e41000 	/System/Library/Frameworks/ApplicationServices.framework/Versions/A/Frameworks/ColorSync.framework/Versions/A/ColorSync
0x0000000006e41000 	/System/Library/Frameworks/ApplicationServices.framework/Versions/A/Frameworks/HIServices.framework/Versions/A/HIServices
0x0000000006e41000 	/System/Library/Frameworks/ApplicationServices.framework/Versions/A/Frameworks/LangAnalysis.framework/Versions/A/LangAnalysis
0x0000000006e41000 	/System/Library/Frameworks/ApplicationServices.framework/Versions/A/Frameworks/PrintCore.framework/Versions/A/PrintCore
0x0000000006e41000 	/System/Library/Frameworks/ApplicationServices.framework/Versions/A/Frameworks/QD.framework/Versions/A/QD
0x0000000006e41000 	/System/Library/Frameworks/ApplicationServices.framework/Versions/A/Frameworks/SpeechSynthesis.framework/Versions/A/SpeechSynthesis
0x0000000006e41000 	/System/Library/Frameworks/Accelerate.framework/Versions/A/Accelerate
0x0000000006e41000 	/System/Library/Frameworks/Accelerate.framework/Versions/A/Frameworks/vImage.framework/Versions/A/vImage
0x0000000006e41000 	/System/Library/Frameworks/Accelerate.framework/Versions/A/Frameworks/vecLib.framework/Versions/A/vecLib
0x0000000006e41000 	/System/Library/Frameworks/Accelerate.framework/Versions/A/Frameworks/vecLib.framework/Versions/A/libvDSP.dylib
0x0000000006e41000 	/System/Library/Frameworks/Accelerate.framework/Versions/A/Frameworks/vecLib.framework/Versions/A/libvMisc.dylib
0x0000000006e41000 	/System/Library/Frameworks/Accelerate.framework/Versions/A/Frameworks/vecLib.framework/Versions/A/libLAPACK.dylib
0x0000000006e41000 	/System/Library/Frameworks/Accelerate.framework/Versions/A/Frameworks/vecLib.framework/Versions/A/libBLAS.dylib
0x0000000006e41000 	/System/Library/Frameworks/Accelerate.framework/Versions/A/Frameworks/vecLib.framework/Versions/A/libLinearAlgebra.dylib
0x0000000006e41000 	/System/Library/Frameworks/ApplicationServices.framework/Versions/A/Frameworks/ATS.framework/Versions/A/Resources/libFontParser.dylib
0x0000000006e41000 	/System/Library/Frameworks/ApplicationServices.framework/Versions/A/Frameworks/ATS.framework/Versions/A/Resources/libFontRegistry.dylib
0x0000000006e41000 	/System/Library/PrivateFrameworks/AppleVPA.framework/Versions/A/AppleVPA
0x0000000006e41000 	/System/Library/PrivateFrameworks/AppleJPEG.framework/Versions/A/AppleJPEG
0x0000000006e41000 	/System/Library/Frameworks/ImageIO.framework/Versions/A/Resources/libJPEG.dylib
0x0000000006e41000 	/System/Library/Frameworks/ImageIO.framework/Versions/A/Resources/libTIFF.dylib
0x0000000006e41000 	/System/Library/Frameworks/ImageIO.framework/Versions/A/Resources/libPng.dylib
0x0000000006e41000 	/System/Library/Frameworks/ImageIO.framework/Versions/A/Resources/libGIF.dylib
0x0000000006e41000 	/System/Library/Frameworks/ImageIO.framework/Versions/A/Resources/libJP2.dylib
0x0000000006e41000 	/System/Library/Frameworks/ImageIO.framework/Versions/A/Resources/libRadiance.dylib
0x0000000006e41000 	/System/Library/Frameworks/CoreVideo.framework/Versions/A/CoreVideo
0x0000000006e41000 	/System/Library/Frameworks/OpenGL.framework/Versions/A/Libraries/libGLU.dylib
0x0000000006e41000 	/System/Library/Frameworks/OpenGL.framework/Versions/A/Libraries/libGFXShared.dylib
0x0000000006e41000 	/System/Library/Frameworks/OpenGL.framework/Versions/A/Libraries/libGL.dylib
0x0000000006e41000 	/System/Library/Frameworks/OpenGL.framework/Versions/A/Libraries/libGLImage.dylib
0x0000000006e41000 	/System/Library/Frameworks/OpenGL.framework/Versions/A/Libraries/libCVMSPluginSupport.dylib
0x0000000006e41000 	/System/Library/Frameworks/OpenGL.framework/Versions/A/Libraries/libCoreVMClient.dylib
0x0000000006e41000 	/usr/lib/libcups.2.dylib
0x0000000006e41000 	/System/Library/Frameworks/Kerberos.framework/Versions/A/Kerberos
0x0000000006e41000 	/System/Library/Frameworks/GSS.framework/Versions/A/GSS
0x0000000006e41000 	/usr/lib/libresolv.9.dylib
0x0000000006e41000 	/System/Library/PrivateFrameworks/Heimdal.framework/Versions/A/Heimdal
0x0000000006e41000 	/usr/lib/libheimdal-asn1.dylib
0x0000000006e41000 	/System/Library/Frameworks/OpenDirectory.framework/Versions/A/OpenDirectory
0x0000000006e41000 	/System/Library/PrivateFrameworks/CommonAuth.framework/Versions/A/CommonAuth
0x0000000006e41000 	/System/Library/Frameworks/SecurityFoundation.framework/Versions/A/SecurityFoundation
0x0000000006e41000 	/System/Library/Frameworks/QuartzCore.framework/Versions/A/Frameworks/CoreImage.framework/Versions/A/CoreImage
0x0000000006e41000 	/System/Library/PrivateFrameworks/CrashReporterSupport.framework/Versions/A/CrashReporterSupport
0x0000000006e41000 	/System/Library/Frameworks/OpenCL.framework/Versions/A/OpenCL
0x0000000006e41000 	/System/Library/PrivateFrameworks/FaceCore.framework/Versions/A/FaceCore
0x0000000006e41000 	/System/Library/PrivateFrameworks/Ubiquity.framework/Versions/A/Ubiquity
0x0000000006e41000 	/System/Library/PrivateFrameworks/IconServices.framework/Versions/A/IconServices
0x0000000006e41000 	/System/Library/PrivateFrameworks/ChunkingLibrary.framework/Versions/A/ChunkingLibrary
0x0000000006e41000 	/System/Library/PrivateFrameworks/Apple80211.framework/Versions/A/Apple80211
0x0000000006e41000 	/System/Library/Frameworks/CoreWLAN.framework/Versions/A/CoreWLAN
0x0000000006e41000 	/System/Library/Frameworks/IOBluetooth.framework/Versions/A/IOBluetooth
0x0000000006e41000 	/System/Library/PrivateFrameworks/CoreWiFi.framework/Versions/A/CoreWiFi
0x0000000006e41000 	/System/Library/Frameworks/CoreBluetooth.framework/Versions/A/CoreBluetooth
0x0000000006e41000 	/System/Library/PrivateFrameworks/DebugSymbols.framework/Versions/A/DebugSymbols
0x0000000006e41000 	/System/Library/PrivateFrameworks/CoreSymbolication.framework/Versions/A/CoreSymbolication
0x0000000006e41000 	/System/Library/PrivateFrameworks/Symbolication.framework/Versions/A/Symbolication
0x0000000006e41000 	/System/Library/PrivateFrameworks/SpeechRecognitionCore.framework/Versions/A/SpeechRecognitionCore
0x000000010e501000 	/Library/Java/JavaVirtualMachines/jdk1.8.0_25.jdk/Contents/Home/jre/lib/server/libjvm.dylib
0x0000000006e41000 	/usr/lib/libstdc++.6.dylib
0x000000010f520000 	/Library/Java/JavaVirtualMachines/jdk1.8.0_25.jdk/Contents/Home/jre/lib/libverify.dylib
0x000000010f52e000 	/Library/Java/JavaVirtualMachines/jdk1.8.0_25.jdk/Contents/Home/jre/lib/libjava.dylib
0x000000010f583000 	/Library/Java/JavaVirtualMachines/jdk1.8.0_25.jdk/Contents/Home/jre/lib/libzip.dylib
0x000000010f5e9000 	/System/Library/Frameworks/JavaVM.framework/Frameworks/JavaRuntimeSupport.framework/JavaRuntimeSupport
0x0000000122c69000 	/System/Library/Frameworks/JavaVM.framework/Versions/A/Frameworks/JavaNativeFoundation.framework/Versions/A/JavaNativeFoundation
0x0000000122c7d000 	/System/Library/Frameworks/JavaVM.framework/Versions/A/JavaVM
0x0000000006e41000 	/System/Library/Frameworks/Carbon.framework/Versions/A/Carbon
0x0000000122c89000 	/System/Library/PrivateFrameworks/JavaLaunching.framework/Versions/A/JavaLaunching
0x0000000006e41000 	/System/Library/Frameworks/Carbon.framework/Versions/A/Frameworks/CommonPanels.framework/Versions/A/CommonPanels
0x0000000006e41000 	/System/Library/Frameworks/Carbon.framework/Versions/A/Frameworks/Help.framework/Versions/A/Help
0x0000000006e41000 	/System/Library/Frameworks/Carbon.framework/Versions/A/Frameworks/ImageCapture.framework/Versions/A/ImageCapture
0x0000000006e41000 	/System/Library/Frameworks/Carbon.framework/Versions/A/Frameworks/OpenScripting.framework/Versions/A/OpenScripting
0x0000000006e41000 	/System/Library/Frameworks/Carbon.framework/Versions/A/Frameworks/Print.framework/Versions/A/Print
0x0000000006e41000 	/System/Library/Frameworks/Carbon.framework/Versions/A/Frameworks/SecurityHI.framework/Versions/A/SecurityHI
0x0000000124963000 	/private/var/folders/1c/fn1fzs_14nb3nmg7h26d4q000000gn/T/libgdxluisalvernaz/6d38a68b/libgdx64.dylib
0x00000001249ab000 	/Library/Java/JavaVirtualMachines/jdk1.8.0_25.jdk/Contents/Home/jre/lib/libawt.dylib
0x0000000124a5a000 	/Library/Java/JavaVirtualMachines/jdk1.8.0_25.jdk/Contents/Home/jre/lib/./libmlib_image.dylib
0x0000000124b26000 	/Library/Java/JavaVirtualMachines/jdk1.8.0_25.jdk/Contents/Home/jre/lib/libawt_lwawt.dylib
0x0000000124bd9000 	/Library/Java/JavaVirtualMachines/jdk1.8.0_25.jdk/Contents/Home/jre/lib/./libosxapp.dylib
0x0000000006e41000 	/System/Library/Frameworks/ExceptionHandling.framework/Versions/A/ExceptionHandling
0x0000000006e41000 	/System/Library/PrivateFrameworks/CoreServicesInternal.framework/Versions/A/CoreServicesInternal
0x0000000006e41000 	/System/Library/PrivateFrameworks/CloudDocs.framework/Versions/A/CloudDocs
0x0000000006e41000 	/System/Library/PrivateFrameworks/CoreDuet.framework/Versions/A/CoreDuet
0x0000000006e41000 	/System/Library/Frameworks/CloudKit.framework/Versions/A/CloudKit
0x0000000006e41000 	/System/Library/PrivateFrameworks/ProtocolBuffer.framework/Versions/A/ProtocolBuffer
0x0000000006e41000 	/System/Library/PrivateFrameworks/CoreDuetDaemonProtocol.framework/Versions/A/CoreDuetDaemonProtocol
0x0000000006e41000 	/System/Library/PrivateFrameworks/CoreDuetDebugLogging.framework/Versions/A/CoreDuetDebugLogging
0x0000000006e41000 	/System/Library/Frameworks/CoreLocation.framework/Versions/A/CoreLocation
0x0000000006e41000 	/System/Library/Frameworks/Accounts.framework/Versions/A/Accounts
0x0000000006e41000 	/System/Library/PrivateFrameworks/ApplePushService.framework/Versions/A/ApplePushService
0x0000000006e41000 	/System/Library/PrivateFrameworks/GeoServices.framework/Versions/A/GeoServices
0x0000000006e41000 	/System/Library/PrivateFrameworks/OAuth.framework/Versions/A/OAuth
0x0000000006e41000 	/System/Library/PrivateFrameworks/CoreDaemon.framework/Versions/B/CoreDaemon
0x0000000006e41000 	/usr/lib/libcrypto.0.9.8.dylib
0x0000000006e41000 	/System/Library/PrivateFrameworks/AppleSRP.framework/Versions/A/AppleSRP
0x0000000006e41000 	/System/Library/PrivateFrameworks/TrustEvaluationAgent.framework/Versions/A/TrustEvaluationAgent
0x0000000006e41000 	/System/Library/Frameworks/CoreGraphics.framework/Versions/A/Resources/libCGCMS.A.dylib
0x0000000006e41000 	/System/Library/Frameworks/CoreGraphics.framework/Versions/A/Resources/libRIP.A.dylib
0x0000000006e41000 	/System/Library/Frameworks/CoreGraphics.framework/Versions/A/Resources/libCGXType.A.dylib
0x0000000006e41000 	/System/Library/Frameworks/OpenCL.framework/Versions/A/Libraries/libcldcpuengine.dylib
0x0000000006e41000 	/System/Library/PrivateFrameworks/DiskImages.framework/Versions/A/DiskImages
0x0000000006e41000 	/System/Library/Frameworks/DiscRecording.framework/Versions/A/DiscRecording
0x0000000006e41000 	/usr/lib/libcsfde.dylib
0x0000000006e41000 	/usr/lib/libcurl.4.dylib
0x0000000006e41000 	/System/Library/PrivateFrameworks/MediaKit.framework/Versions/A/MediaKit
0x0000000006e41000 	/System/Library/PrivateFrameworks/ProtectedCloudStorage.framework/Versions/A/ProtectedCloudStorage
0x0000000006e41000 	/usr/lib/libCoreStorage.dylib
0x0000000006e41000 	/System/Library/PrivateFrameworks/EFILogin.framework/Versions/A/EFILogin
0x0000000006e41000 	/usr/lib/libutil.dylib
0x0000000006e41000 	/System/Library/PrivateFrameworks/FindMyDevice.framework/Versions/A/FindMyDevice
0x0000000006e41000 	/System/Library/Frameworks/LDAP.framework/Versions/A/LDAP
0x0000000006e41000 	/usr/lib/libsasl2.2.dylib
0x0000000127981000 	cl_kernels
0x0000000127983000 	/System/Library/Frameworks/OpenCL.framework/Versions/A/Libraries/ImageFormats/unorm8_bgra.dylib
0x0000000127972000 	cl_kernels
0x0000000006e41000 	/System/Library/PrivateFrameworks/FamilyControls.framework/Versions/A/FamilyControls
0x0000000006e41000 	/System/Library/PrivateFrameworks/CommerceKit.framework/Versions/A/Frameworks/CommerceCore.framework/Versions/A/CommerceCore
0x0000000006e41000 	/System/Library/PrivateFrameworks/SystemAdministration.framework/Versions/A/SystemAdministration
0x0000000006e41000 	/System/Library/PrivateFrameworks/AppContainer.framework/Versions/A/AppContainer
0x0000000006e41000 	/System/Library/PrivateFrameworks/SecCodeWrapper.framework/Versions/A/SecCodeWrapper
0x0000000006e41000 	/System/Library/Frameworks/DirectoryService.framework/Versions/A/DirectoryService
0x0000000006e41000 	/System/Library/PrivateFrameworks/LoginUIKit.framework/Versions/A/Frameworks/LoginUICore.framework/Versions/A/LoginUICore
0x0000000006e41000 	/usr/lib/libodfde.dylib
0x0000000128b46000 	/Library/Java/JavaVirtualMachines/jdk1.8.0_25.jdk/Contents/Home/jre/lib/libfontmanager.dylib
0x0000000128bad000 	/private/var/folders/1c/fn1fzs_14nb3nmg7h26d4q000000gn/T/libgdxluisalvernaz/45614fc1/liblwjgl.dylib
0x0000000126eb6000 	/Library/Java/JavaVirtualMachines/jdk1.8.0_25.jdk/Contents/Home/jre/lib/libjawt.dylib
0x0000000128c2c000 	/var/folders/1c/fn1fzs_14nb3nmg7h26d4q000000gn/T/libgdxluisalvernaz/45614fc1/openal.dylib
0x0000000128c9b000 	/System/Library/Components/CoreAudio.component/Contents/MacOS/CoreAudio
0x0000000126ece000 	/System/Library/Extensions/AppleHDA.kext/Contents/PlugIns/AppleHDAHALPlugIn.bundle/Contents/MacOS/AppleHDAHALPlugIn
0x0000000006e41000 	/System/Library/Frameworks/OpenGL.framework/Versions/A/Resources/GLEngine.bundle/GLEngine
0x0000000006e41000 	/System/Library/Frameworks/OpenGL.framework/Versions/A/Libraries/libGLProgrammability.dylib
0x0000000000000000 	/System/Library/Extensions/GeForceTeslaGLDriver.bundle/Contents/MacOS/GeForceTeslaGLDriver
0x0000000129102000 	/System/Library/Extensions/GeForceTeslaGLDriver.bundle/Contents/MacOS/libclh.dylib
0x0000000129949000 	/System/Library/PrivateFrameworks/GPUSupport.framework/Versions/A/Libraries/libGPUSupport.dylib
0x0000000006e41000 	/System/Library/Frameworks/OpenGL.framework/Versions/A/Resources/GLRendererFloat.bundle/GLRendererFloat

VM Arguments:
jvm_args: -Dfile.encoding=UTF-8 
java_command: com.Planetoid.Main.desktop.DesktopLauncher
java_class_path (initial): /Users/luisalvernaz/Desktop/LD/Planetoid/desktop/bin:/Users/luisalvernaz/Desktop/LD/Planetoid/core/bin:/Users/luisalvernaz/.gradle/caches/modules-2/files-2.1/com.badlogicgames.gdx/gdx-box2d/1.4.1/9e6453d244896698694a7f3059f15ae509044101/gdx-box2d-1.4.1.jar:/Users/luisalvernaz/.gradle/caches/modules-2/files-2.1/com.badlogicgames.gdx/gdx/1.4.1/df470d263438048af74860ca51fc497c16a0c76a/gdx-1.4.1.jar:/Users/luisalvernaz/.gradle/caches/modules-2/files-2.1/com.badlogicgames.gdx/gdx-backend-lwjgl/1.4.1/f31a8b9a0b7955fadf25ff3b77f1824b3927d4ed/gdx-backend-lwjgl-1.4.1.jar:/Users/luisalvernaz/.gradle/caches/modules-2/files-2.1/com.badlogicgames.gdx/gdx-box2d-platform/1.4.1/f5d0058176f459375361fadf3a0b3d9f6f852a37/gdx-box2d-platform-1.4.1-natives-desktop.jar:/Users/luisalvernaz/.gradle/caches/modules-2/files-2.1/com.badlogicgames.gdx/gdx-platform/1.4.1/64fd6c8128aed2664de93681f5a1c7fa7c023b02/gdx-platform-1.4.1-natives-desktop.jar:/Users/luisalvernaz/.gradle/caches/modules-2/files-2.1/com.badlogicgames.jlayer/jlayer/1.0.1-gdx/7cca83cec5c1b2f011362f4d85aabd71a73b049d/jlayer-1.0.1-gdx.jar:/Users/luisalvernaz/.gradle/caches/modules-2/files-2.1/net.java.jinput/jinput-platform/2.0.5/385ee093e01f587f30ee1c8a2ee7d408fd732e16/jinput-platform-2.0.5-natives-windows.jar:/Users/luisalvernaz/.gradle/caches/modules-2/files-2.1/net.java.jinput/jinput-platform/2.0.5/53f9c919f34d2ca9de8c51fc4e1e8282029a9232/jinput-platform-2.0.5-natives-osx.jar:/Users/luisalvernaz/.gradle/caches/modules-2/files-2.1/net.java.jinput/jinput-platform/2.0.5/7ff832a6eb9ab6a767f1ade2b548092d0fa64795/jinput-platform-2.0.5-natives-linux.jar:/Users/luisalvernaz/.gradle/caches/modules-2/files-2.1/net.java.jinput/jinput/2.0.5/39c7796b469a600f72380316f6b1f11db6c2c7c4/jinput-2.0.5.jar:/Users/luisalvernaz/.gradle/caches/modules-2/files-2.1/net.java.jutils/jutils/1.0.0/e12fe1fda814bd348c1579329c86943d2cd3c6a6/jutils-1.0.0.jar:/Users/luisalvernaz/.gradle/caches/modules-2/files-2.1/org.jcraft/jorbis/
Launcher Type: SUN_STANDARD

Environment Variables:
PATH=/usr/bin:/bin:/usr/sbin:/sbin
SHELL=/bin/bash
DISPLAY=/private/tmp/com.apple.launchd.O2OdyTDCZf/org.macosforge.xquartz:0

Signal Handlers:
SIGSEGV: [libjvm.dylib+0x579dc7], sa_mask[0]=11111111011111110111111111111111, sa_flags=SA_ONSTACK|SA_RESTART|SA_SIGINFO
SIGBUS: [libjvm.dylib+0x579dc7], sa_mask[0]=11111111011111110111111111111111, sa_flags=SA_RESTART|SA_SIGINFO
SIGFPE: [libjvm.dylib+0x45b030], sa_mask[0]=11111111011111110111111111111111, sa_flags=SA_RESTART|SA_SIGINFO
SIGPIPE: [libjvm.dylib+0x45b030], sa_mask[0]=11111111011111110111111111111111, sa_flags=SA_RESTART|SA_SIGINFO
SIGXFSZ: [libjvm.dylib+0x45b030], sa_mask[0]=11111111011111110111111111111111, sa_flags=SA_RESTART|SA_SIGINFO
SIGILL: [libjvm.dylib+0x45b030], sa_mask[0]=11111111011111110111111111111111, sa_flags=SA_RESTART|SA_SIGINFO
SIGUSR1: SIG_DFL, sa_mask[0]=00000000000000000000000000000000, sa_flags=none
SIGUSR2: [libjvm.dylib+0x45ab4e], sa_mask[0]=00100000000000000000000000000000, sa_flags=SA_RESTART|SA_SIGINFO
SIGHUP: [libjvm.dylib+0x459121], sa_mask[0]=11111111011111110111111111111111, sa_flags=SA_RESTART|SA_SIGINFO
SIGINT: [libjvm.dylib+0x459121], sa_mask[0]=11111111011111110111111111111111, sa_flags=SA_RESTART|SA_SIGINFO
SIGTERM: [libjvm.dylib+0x459121], sa_mask[0]=11111111011111110111111111111111, sa_flags=SA_RESTART|SA_SIGINFO
SIGQUIT: [libjvm.dylib+0x459121], sa_mask[0]=11111111011111110111111111111111, sa_flags=SA_RESTART|SA_SIGINFO


---------------  S Y S T E M  ---------------

OS:Bsduname:Darwin 14.0.0 Darwin Kernel Version 14.0.0: Fri Sep 19 00:26:44 PDT 2014; root:xnu-2782.1.97~2/RELEASE_X86_64 x86_64
rlimit: STACK 8192k, CORE 0k, NPROC 709, NOFILE 10240, AS infinity
load average:2.47 2.45 2.43

CPU:total 2 (2 cores per cpu, 1 threads per core) family 6 model 23 stepping 10, cmov, cx8, fxsr, mmx, sse, sse2, sse3, ssse3, sse4.1, tsc

Memory: 4k page, physical 4194304k(22868k free)

/proc/meminfo:


vm_info: Java HotSpot(TM) 64-Bit Server VM (25.25-b02) for bsd-amd64 JRE (1.8.0_25-b17), built on Sep 17 2014 16:56:50 by "java_re" with gcc 4.2.1 (Based on Apple Inc. build 5658) (LLVM build 2336.11.00)

time: Sun Dec  7 18:22:40 2014
elapsed time: 22 seconds (0d 0h 0m 22s)

